<?xml version="1.0" encoding="utf-8"?><testsuites name="pytest tests"><testsuite name="pytest" errors="0" failures="0" skipped="0" tests="9" time="7.964" timestamp="2026-07-24T10:18:13.704239+00:00" hostname="agent-env-18c4447d-29a8-4fc6-b73c-39841215287d"><testcase classname="tests.test_forgot_password" name="test_forgot_password_unregistered_email_returns_generic_200" time="0.191" /><testcase classname="tests.test_forgot_password" name="test_forgot_password_registered_email_returns_200_and_creates_record" time="0.872" /><testcase classname="tests.test_forgot_password" name="test_reset_password_wrong_otp_increments_attempts" time="0.586" /><testcase classname="tests.test_forgot_password" name="test_reset_password_correct_otp_resets_password_and_can_login" time="1.443" /><testcase classname="tests.test_forgot_password" name="test_reset_password_used_otp_rejected" time="0.861" /><testcase classname="tests.test_forgot_password" name="test_reset_password_rate_limit_after_5_attempts" time="2.060" /><testcase classname="tests.test_forgot_password" name="test_new_otp_invalidates_previous" time="1.170" /><testcase classname="tests.test_forgot_password" name="test_reset_password_short_password_rejected" time="0.319" /><testcase classname="tests.test_forgot_password" name="test_reset_password_expired_otp" time="0.327" /></testsuite></testsuites>