<?xml version="1.0" encoding="utf-8"?><testsuites name="pytest tests"><testsuite name="pytest" errors="0" failures="0" skipped="0" tests="15" time="16.090" timestamp="2026-07-24T08:44:56.890990+00:00" hostname="agent-env-18c4447d-29a8-4fc6-b73c-39841215287d"><testcase classname="tests.backend_test.TestTasks" name="test_create_task" time="0.909" /><testcase classname="tests.backend_test.TestAuth" name="test_register_returns_token_and_user" time="0.773" /><testcase classname="tests.backend_test.TestAuth" name="test_register_duplicate_email_returns_400" time="0.145" /><testcase classname="tests.backend_test.TestTasks" name="test_create_task_2_and_3" time="0.380" /><testcase classname="tests.backend_test.TestAuth" name="test_login_success" time="0.367" /><testcase classname="tests.backend_test.TestAuth" name="test_login_wrong_password_401" time="0.410" /><testcase classname="tests.backend_test.TestTasks" name="test_list_tasks_includes_created" time="0.095" /><testcase classname="tests.backend_test.TestTasks" name="test_list_tasks_no_auth_401" time="0.269" /><testcase classname="tests.backend_test.TestTasks" name="test_patch_task_updates_and_persists" time="0.230" /><testcase classname="tests.backend_test.TestAuth" name="test_me_returns_profile" time="0.103" /><testcase classname="tests.backend_test.TestAuth" name="test_me_without_token_401" time="0.116" /><testcase classname="tests.backend_test.TestTasks" name="test_delete_task" time="0.252" /><testcase classname="tests.backend_test.TestWeeklyEvaluation" name="test_weekly_summary_shape" time="0.133" /><testcase classname="tests.backend_test.TestWeeklyEvaluation" name="test_weekly_summary_401_without_auth" time="0.095" /><testcase classname="tests.backend_test.TestWeeklyEvaluation" name="test_weekly_insight_ai" time="13.141" /></testsuite></testsuites>