<?xml version="1.0" encoding="utf-8"?><testsuites name="pytest tests"><testsuite name="pytest" errors="0" failures="0" skipped="0" tests="24" time="58.709" timestamp="2026-07-27T03:12:01.597185+00:00" hostname="agent-env-18c4447d-29a8-4fc6-b73c-39841215287d"><testcase classname="tests.test_forgot_password" name="test_forgot_password_unregistered_email_returns_generic_200" time="0.166" /><testcase classname="tests.test_security_question" name="test_get_security_question_returns_indonesian_text" time="0.167" /><testcase classname="tests.test_security_question" name="test_register_without_security_answer_has_flag_false" time="0.330" /><testcase classname="tests.test_security_question" name="test_register_with_security_answer_stores_bcrypt_hash" time="0.741" /><testcase classname="tests.test_forgot_password" name="test_forgot_password_registered_email_returns_200_and_creates_record" time="1.915" /><testcase classname="tests.test_security_question" name="test_set_security_answer_authenticated_and_me_reflects" time="1.372" /><testcase classname="tests.test_forgot_password" name="test_reset_password_wrong_otp_increments_attempts" time="1.052" /><testcase classname="tests.test_security_question" name="test_set_security_answer_empty_returns_400" time="0.626" /><testcase classname="tests.test_forgot_password" name="test_reset_password_correct_otp_resets_password_and_can_login" time="2.608" /><testcase classname="tests.test_security_question" name="test_set_security_answer_requires_auth" time="0.116" /><testcase classname="tests.test_security_question" name="test_reset_password_security_normalized_answer_succeeds" time="2.817" /><testcase classname="tests.test_forgot_password" name="test_reset_password_used_otp_rejected" time="1.573" /><testcase classname="tests.test_security_question" name="test_reset_password_security_wrong_answer_generic_400" time="1.558" /><testcase classname="tests.test_forgot_password" name="test_reset_password_rate_limit_after_5_attempts" time="2.794" /><testcase classname="tests.test_security_question" name="test_reset_password_security_unknown_email_generic_400" time="0.299" /><testcase classname="tests.test_security_question" name="test_reset_password_security_user_without_answer_generic_400" time="0.830" /><testcase classname="tests.test_security_question" name="test_reset_password_security_rate_limit" time="3.806" /><testcase classname="tests.test_forgot_password" name="test_new_otp_invalidates_previous" time="1.923" /><testcase classname="tests.test_forgot_password" name="test_reset_password_short_password_rejected" time="0.562" /><testcase classname="tests.test_forgot_password" name="test_reset_password_expired_otp" time="0.758" /><testcase classname="tests.test_security_question" name="test_reset_password_security_short_password_400" time="0.781" /><testcase classname="tests.test_security_question" name="test_reset_password_security_empty_answer_400" time="0.653" /><testcase classname="tests.test_security_question" name="test_security_reset_invalidates_pending_email_otps" time="1.335" /><testcase classname="tests.test_security_question" name="test_login_returns_has_security_answer_field" time="42.180" /></testsuite></testsuites>