<?xml version="1.0" encoding="utf-8"?><testsuites name="pytest tests"><testsuite name="pytest" errors="0" failures="0" skipped="0" tests="15" time="13.010" timestamp="2026-07-27T02:06:11.978173+00:00" hostname="agent-env-18c4447d-29a8-4fc6-b73c-39841215287d"><testcase classname="tests.test_security_question" name="test_get_security_question_returns_indonesian_text" time="0.281" /><testcase classname="tests.test_security_question" name="test_register_without_security_answer_has_flag_false" time="0.472" /><testcase classname="tests.test_security_question" name="test_register_with_security_answer_stores_bcrypt_hash" time="0.629" /><testcase classname="tests.test_security_question" name="test_set_security_answer_authenticated_and_me_reflects" time="1.228" /><testcase classname="tests.test_security_question" name="test_set_security_answer_empty_returns_400" time="0.438" /><testcase classname="tests.test_security_question" name="test_set_security_answer_requires_auth" time="0.143" /><testcase classname="tests.test_security_question" name="test_reset_password_security_normalized_answer_succeeds" time="1.810" /><testcase classname="tests.test_security_question" name="test_reset_password_security_wrong_answer_generic_400" time="0.894" /><testcase classname="tests.test_security_question" name="test_reset_password_security_unknown_email_generic_400" time="0.102" /><testcase classname="tests.test_security_question" name="test_reset_password_security_user_without_answer_generic_400" time="0.439" /><testcase classname="tests.test_security_question" name="test_reset_password_security_rate_limit" time="2.506" /><testcase classname="tests.test_security_question" name="test_reset_password_security_short_password_400" time="0.665" /><testcase classname="tests.test_security_question" name="test_reset_password_security_empty_answer_400" time="0.827" /><testcase classname="tests.test_security_question" name="test_security_reset_invalidates_pending_email_otps" time="1.344" /><testcase classname="tests.test_security_question" name="test_login_returns_has_security_answer_field" time="0.931" /></testsuite></testsuites>